Using pre-set license
Built from '2020.3/staging' branch; Version is '2020.3.10f1 (297d780c91bc) revision 2719096'; Using compiler version '192528614'; Build Type 'Release'
OS: 'Windows 10 Home; OS build 19042.1237; Version 2009; 64bit' Language: 'en' Physical Memory: 16231 MB
BatchMode: 1, IsHumanControllingUs: 0, StartBugReporterOnCrash: 0, Is64bit: 1, IsPro: 0

 COMMAND LINE ARGUMENTS:
C:\Users\pro19\OneDrive\Desktop\unity\2020.3.10f1\Editor\Unity.exe
-adb2
-batchMode
-noUpm
-name
AssetImportWorker1
-projectPath
E:/GameDev/AE-Prototype-Game a Week
-logFile
Logs/AssetImportWorker1.log
-srvPort
62096
Successfully changed project path to: E:/GameDev/AE-Prototype-Game a Week
E:/GameDev/AE-Prototype-Game a Week
Using Asset Import Pipeline V2.
Refreshing native plugins compatible for Editor in 83.30 ms, found 2 plugins.
Preloading 0 native plugins for Editor in 0.00 ms.
Initialize engine version: 2020.3.10f1 (297d780c91bc)
[Subsystems] Discovering subsystems at path C:/Users/pro19/OneDrive/Desktop/unity/2020.3.10f1/Editor/Data/Resources/UnitySubsystems
[Subsystems] Discovering subsystems at path E:/GameDev/AE-Prototype-Game a Week/Assets
GfxDevice: creating device client; threaded=0
Direct3D:
    Version:  Direct3D 11.0 [level 11.1]
    Renderer: NVIDIA GeForce GTX 1660 Ti (ID=0x2191)
    Vendor:   
    VRAM:     5991 MB
    Driver:   27.21.14.6140
Shader 'Universal Render Pipeline/Particles/Lit': fallback shader 'Universal Render Pipeline/Particles/SimpleLit' not found
Initialize mono
Mono path[0] = 'C:/Users/pro19/OneDrive/Desktop/unity/2020.3.10f1/Editor/Data/Managed'
Mono path[1] = 'C:/Users/pro19/OneDrive/Desktop/unity/2020.3.10f1/Editor/Data/MonoBleedingEdge/lib/mono/unityjit'
Mono config path = 'C:/Users/pro19/OneDrive/Desktop/unity/2020.3.10f1/Editor/Data/MonoBleedingEdge/etc'
Using monoOptions --debugger-agent=transport=dt_socket,embedding=1,server=y,suspend=n,address=127.0.0.1:56920
Begin MonoManager ReloadAssembly
Registering precompiled unity dll's ...
Register platform support module: C:/Users/pro19/OneDrive/Desktop/unity/2020.3.10f1/Editor/Data/PlaybackEngines/WindowsStandaloneSupport/UnityEditor.WindowsStandalone.Extensions.dll
Registered in 0.002368 seconds.
Native extension for WindowsStandalone target not found
Refreshing native plugins compatible for Editor in 71.51 ms, found 2 plugins.
Preloading 0 native plugins for Editor in 0.00 ms.
Mono: successfully reloaded assembly
- Completed reload, in  3.470 seconds
Platform modules already initialized, skipping
Registering precompiled user dll's ...
Registered in 0.004151 seconds.
Begin MonoManager ReloadAssembly
Native extension for WindowsStandalone target not found
Refreshing native plugins compatible for Editor in 77.53 ms, found 2 plugins.
Preloading 0 native plugins for Editor in 0.00 ms.
Mono: successfully reloaded assembly
- Completed reload, in  1.128 seconds
Platform modules already initialized, skipping
========================================================================
Worker process is ready to serve import requests
Shader 'Universal Render Pipeline/Particles/Lit': fallback shader 'Universal Render Pipeline/Particles/SimpleLit' not found
Launched and connected shader compiler UnityShaderCompiler.exe after 0.09 seconds
Refreshing native plugins compatible for Editor in 0.84 ms, found 2 plugins.
Preloading 0 native plugins for Editor in 0.00 ms.
Unloading 3750 Unused Serialized files (Serialized files now loaded: 0)
System memory in use before: 183.9 MB.
System memory in use after: 184.0 MB.

Unloading 20 unused Assets to reduce memory usage. Loaded Objects now: 4211.
Total: 3.232700 ms (FindLiveObjects: 0.484100 ms CreateObjectMapping: 0.260000 ms MarkObjects: 2.386400 ms  DeleteObjects: 0.100500 ms)

========================================================================
Received Import Request.
  path: Assets/Game 2/Prefabs/LaserBeamer.prefab
  artifactKey: Guid(83b57f16152a5204081a7042cae54a34) Importer(815301076,1909f56bfc062723c751e8b465ee728b)
Start importing Assets/Game 2/Prefabs/LaserBeamer.prefab using Guid(83b57f16152a5204081a7042cae54a34) Importer(815301076,1909f56bfc062723c751e8b465ee728b)  -> (artifact id: 'db73df28dc508aadb01a6e190072e08c') in 0.286057 seconds
  Import took 0.305300 seconds .

========================================================================
Received Import Request.
  Time since last request: 0.000389 seconds.
  path: Assets/Game 2/Prefabs/MissileLauncher.prefab
  artifactKey: Guid(72a9da27aab878340af4324fb98d4e3c) Importer(815301076,1909f56bfc062723c751e8b465ee728b)
Start importing Assets/Game 2/Prefabs/MissileLauncher.prefab using Guid(72a9da27aab878340af4324fb98d4e3c) Importer(815301076,1909f56bfc062723c751e8b465ee728b)  -> (artifact id: '34be645ba07af2a7c1768c7a361edce5') in 0.230568 seconds
  Import took 0.245349 seconds .

========================================================================
Received Import Request.
  Time since last request: 0.000292 seconds.
  path: Assets/Game 2/Prefabs/StandardTurret.prefab
  artifactKey: Guid(e2dbca48ccb82714ea7667596ff3bcd9) Importer(815301076,1909f56bfc062723c751e8b465ee728b)
Start importing Assets/Game 2/Prefabs/StandardTurret.prefab using Guid(e2dbca48ccb82714ea7667596ff3bcd9) Importer(815301076,1909f56bfc062723c751e8b465ee728b)  -> (artifact id: '6c571025c830c2649664a360d39f63fa') in 0.590411 seconds
  Import took 0.596792 seconds .

========================================================================
Received Import Request.
  Time since last request: 36.609948 seconds.
  path: Assets/Game 2/Prefabs/LaserBeamer.prefab
  artifactKey: Guid(83b57f16152a5204081a7042cae54a34) Importer(815301076,1909f56bfc062723c751e8b465ee728b)
Start importing Assets/Game 2/Prefabs/LaserBeamer.prefab using Guid(83b57f16152a5204081a7042cae54a34) Importer(815301076,1909f56bfc062723c751e8b465ee728b)  -> (artifact id: 'b03ea9029d2c7ee06e6169bd7b0c2275') in 0.029686 seconds
  Import took 0.038055 seconds .

========================================================================
Received Import Request.
  Time since last request: 70.431164 seconds.
  path: Assets/Game 2/Prefabs/LaserBeamer.prefab
  artifactKey: Guid(83b57f16152a5204081a7042cae54a34) Importer(815301076,1909f56bfc062723c751e8b465ee728b)
Start importing Assets/Game 2/Prefabs/LaserBeamer.prefab using Guid(83b57f16152a5204081a7042cae54a34) Importer(815301076,1909f56bfc062723c751e8b465ee728b)  -> (artifact id: 'a8d55167e07799472e4fa6eb0061adba') in 0.039072 seconds
  Import took 0.046335 seconds .

========================================================================
Received Import Request.
  Time since last request: 5.444667 seconds.
  path: Assets/Game 2/Prefabs/LaserBeamer.prefab
  artifactKey: Guid(83b57f16152a5204081a7042cae54a34) Importer(815301076,1909f56bfc062723c751e8b465ee728b)
Start importing Assets/Game 2/Prefabs/LaserBeamer.prefab using Guid(83b57f16152a5204081a7042cae54a34) Importer(815301076,1909f56bfc062723c751e8b465ee728b)  -> (artifact id: 'f3bdb1c6f43826ec511d6c99cb8b637d') in 0.027849 seconds
  Import took 0.044207 seconds .

========================================================================
Received Import Request.
  Time since last request: 24.413072 seconds.
  path: Assets/Game 2/Prefabs/LaserBeamer.prefab
  artifactKey: Guid(83b57f16152a5204081a7042cae54a34) Importer(815301076,1909f56bfc062723c751e8b465ee728b)
Start importing Assets/Game 2/Prefabs/LaserBeamer.prefab using Guid(83b57f16152a5204081a7042cae54a34) Importer(815301076,1909f56bfc062723c751e8b465ee728b)  -> (artifact id: '743c34c8003746ce521e547a1ee64013') in 0.043405 seconds
  Import took 0.050194 seconds .

========================================================================
Received Import Request.
  Time since last request: 77.262226 seconds.
  path: Assets/Game 2/Scripts/TD_Turret.cs
  artifactKey: Guid(da90f66c4f84eef42b891deb08bc9dc7) Importer(815301076,1909f56bfc062723c751e8b465ee728b)
Start importing Assets/Game 2/Scripts/TD_Turret.cs using Guid(da90f66c4f84eef42b891deb08bc9dc7) Importer(815301076,1909f56bfc062723c751e8b465ee728b)  -> (artifact id: '6d0d2093be41b836ac9ce849c4a80819') in 0.019155 seconds
  Import took 0.024784 seconds .

========================================================================
Received Import Request.
  Time since last request: 548.601608 seconds.
  path: Assets/Game 2/Scripts/TD_Turret.cs
  artifactKey: Guid(da90f66c4f84eef42b891deb08bc9dc7) Importer(815301076,1909f56bfc062723c751e8b465ee728b)
Start importing Assets/Game 2/Scripts/TD_Turret.cs using Guid(da90f66c4f84eef42b891deb08bc9dc7) Importer(815301076,1909f56bfc062723c751e8b465ee728b)  -> (artifact id: 'fe5340043ad17a3ed46a745d6291168b') in 0.006620 seconds
  Import took 0.027624 seconds .

========================================================================
Received Prepare
Registering precompiled user dll's ...
Registered in 0.005904 seconds.
Begin MonoManager ReloadAssembly
Native extension for WindowsStandalone target not found
Refreshing native plugins compatible for Editor in 0.81 ms, found 2 plugins.
Preloading 0 native plugins for Editor in 0.00 ms.
Mono: successfully reloaded assembly
- Completed reload, in  1.032 seconds
Platform modules already initialized, skipping
Shader 'Universal Render Pipeline/Particles/Lit': fallback shader 'Universal Render Pipeline/Particles/SimpleLit' not found
Refreshing native plugins compatible for Editor in 0.86 ms, found 2 plugins.
Preloading 0 native plugins for Editor in 0.00 ms.
Unloading 3557 Unused Serialized files (Serialized files now loaded: 0)
System memory in use before: 174.0 MB.
System memory in use after: 174.2 MB.

Unloading 16 unused Assets to reduce memory usage. Loaded Objects now: 4261.
Total: 2.756600 ms (FindLiveObjects: 0.352100 ms CreateObjectMapping: 0.141900 ms MarkObjects: 2.177000 ms  DeleteObjects: 0.084800 ms)

========================================================================
Received Prepare
Registering precompiled user dll's ...
Registered in 0.004365 seconds.
Begin MonoManager ReloadAssembly
Native extension for WindowsStandalone target not found
Refreshing native plugins compatible for Editor in 0.75 ms, found 2 plugins.
Preloading 0 native plugins for Editor in 0.00 ms.
Mono: successfully reloaded assembly
- Completed reload, in  1.019 seconds
Platform modules already initialized, skipping
Shader 'Universal Render Pipeline/Particles/Lit': fallback shader 'Universal Render Pipeline/Particles/SimpleLit' not found
Refreshing native plugins compatible for Editor in 0.84 ms, found 2 plugins.
Preloading 0 native plugins for Editor in 0.00 ms.
Unloading 3557 Unused Serialized files (Serialized files now loaded: 0)
System memory in use before: 174.1 MB.
System memory in use after: 174.2 MB.

Unloading 16 unused Assets to reduce memory usage. Loaded Objects now: 4264.
Total: 2.788900 ms (FindLiveObjects: 0.332500 ms CreateObjectMapping: 0.154600 ms MarkObjects: 2.198600 ms  DeleteObjects: 0.102200 ms)

========================================================================
Received Import Request.
  Time since last request: 416.907420 seconds.
  path: Assets/Game 2/Prefabs/LaserBeamer.prefab
  artifactKey: Guid(83b57f16152a5204081a7042cae54a34) Importer(815301076,1909f56bfc062723c751e8b465ee728b)
Start importing Assets/Game 2/Prefabs/LaserBeamer.prefab using Guid(83b57f16152a5204081a7042cae54a34) Importer(815301076,1909f56bfc062723c751e8b465ee728b)  -> (artifact id: '52ae88753d6fedc020e2a0d3cdb3ec03') in 0.190172 seconds
  Import took 0.198362 seconds .

========================================================================
Received Prepare
Registering precompiled user dll's ...
Registered in 0.004154 seconds.
Begin MonoManager ReloadAssembly
Native extension for WindowsStandalone target not found
Refreshing native plugins compatible for Editor in 0.78 ms, found 2 plugins.
Preloading 0 native plugins for Editor in 0.00 ms.
Mono: successfully reloaded assembly
- Completed reload, in  1.014 seconds
Platform modules already initialized, skipping
Shader 'Universal Render Pipeline/Particles/Lit': fallback shader 'Universal Render Pipeline/Particles/SimpleLit' not found
Refreshing native plugins compatible for Editor in 0.78 ms, found 2 plugins.
Preloading 0 native plugins for Editor in 0.00 ms.
Unloading 3557 Unused Serialized files (Serialized files now loaded: 0)
System memory in use before: 174.2 MB.
System memory in use after: 174.4 MB.

Unloading 16 unused Assets to reduce memory usage. Loaded Objects now: 4303.
Total: 2.858500 ms (FindLiveObjects: 0.393500 ms CreateObjectMapping: 0.179200 ms MarkObjects: 2.198000 ms  DeleteObjects: 0.087100 ms)

========================================================================
Received Import Request.
  Time since last request: 24.616282 seconds.
  path: Assets/Game 2/Prefabs/LaserBeamer.prefab
  artifactKey: Guid(83b57f16152a5204081a7042cae54a34) Importer(815301076,1909f56bfc062723c751e8b465ee728b)
Start importing Assets/Game 2/Prefabs/LaserBeamer.prefab using Guid(83b57f16152a5204081a7042cae54a34) Importer(815301076,1909f56bfc062723c751e8b465ee728b)  -> (artifact id: '801283fef9b7c683909b7637a8e39414') in 0.169208 seconds
  Import took 0.176648 seconds .

========================================================================
Received Import Request.
  Time since last request: 2.293765 seconds.
  path: Assets/Game 2/Prefabs/LaserBeamer.prefab
  artifactKey: Guid(83b57f16152a5204081a7042cae54a34) Importer(815301076,1909f56bfc062723c751e8b465ee728b)
Start importing Assets/Game 2/Prefabs/LaserBeamer.prefab using Guid(83b57f16152a5204081a7042cae54a34) Importer(815301076,1909f56bfc062723c751e8b465ee728b)  -> (artifact id: '801283fef9b7c683909b7637a8e39414') in 0.026036 seconds
  Import took 0.032756 seconds .

========================================================================
Received Prepare
Registering precompiled user dll's ...
Registered in 0.004394 seconds.
Begin MonoManager ReloadAssembly
Native extension for WindowsStandalone target not found
Refreshing native plugins compatible for Editor in 0.77 ms, found 2 plugins.
Preloading 0 native plugins for Editor in 0.00 ms.
Mono: successfully reloaded assembly
- Completed reload, in  0.993 seconds
Platform modules already initialized, skipping
Shader 'Universal Render Pipeline/Particles/Lit': fallback shader 'Universal Render Pipeline/Particles/SimpleLit' not found
Refreshing native plugins compatible for Editor in 0.78 ms, found 2 plugins.
Preloading 0 native plugins for Editor in 0.00 ms.
Unloading 3557 Unused Serialized files (Serialized files now loaded: 0)
System memory in use before: 174.4 MB.
System memory in use after: 174.6 MB.

Unloading 16 unused Assets to reduce memory usage. Loaded Objects now: 4342.
Total: 3.138000 ms (FindLiveObjects: 0.362500 ms CreateObjectMapping: 0.155100 ms MarkObjects: 2.508600 ms  DeleteObjects: 0.110500 ms)

========================================================================
Received Import Request.
  Time since last request: 28.472630 seconds.
  path: Assets/Game 2/Prefabs/LaserBeamer.prefab
  artifactKey: Guid(83b57f16152a5204081a7042cae54a34) Importer(815301076,1909f56bfc062723c751e8b465ee728b)
Start importing Assets/Game 2/Prefabs/LaserBeamer.prefab using Guid(83b57f16152a5204081a7042cae54a34) Importer(815301076,1909f56bfc062723c751e8b465ee728b)  -> (artifact id: '00398e6ba76f5616d1f15275f3fe799c') in 0.165280 seconds
  Import took 0.171728 seconds .

========================================================================
Received Prepare
Registering precompiled user dll's ...
Registered in 0.004151 seconds.
Begin MonoManager ReloadAssembly
Native extension for WindowsStandalone target not found
Refreshing native plugins compatible for Editor in 0.77 ms, found 2 plugins.
Preloading 0 native plugins for Editor in 0.00 ms.
Mono: successfully reloaded assembly
- Completed reload, in  1.113 seconds
Platform modules already initialized, skipping
Shader 'Universal Render Pipeline/Particles/Lit': fallback shader 'Universal Render Pipeline/Particles/SimpleLit' not found
Refreshing native plugins compatible for Editor in 0.77 ms, found 2 plugins.
Preloading 0 native plugins for Editor in 0.00 ms.
Unloading 3557 Unused Serialized files (Serialized files now loaded: 0)
System memory in use before: 174.5 MB.
System memory in use after: 174.7 MB.

Unloading 16 unused Assets to reduce memory usage. Loaded Objects now: 4381.
Total: 2.883900 ms (FindLiveObjects: 0.326600 ms CreateObjectMapping: 0.182600 ms MarkObjects: 2.286200 ms  DeleteObjects: 0.087300 ms)

