Using pre-set license
Built from '2020.3/staging' branch; Version is '2020.3.10f1 (297d780c91bc) revision 2719096'; Using compiler version '192528614'; Build Type 'Release'
OS: 'Windows 10 Home; OS build 19042.1237; Version 2009; 64bit' Language: 'en' Physical Memory: 16231 MB
BatchMode: 1, IsHumanControllingUs: 0, StartBugReporterOnCrash: 0, Is64bit: 1, IsPro: 0

 COMMAND LINE ARGUMENTS:
C:\Users\pro19\OneDrive\Desktop\unity\2020.3.10f1\Editor\Unity.exe
-adb2
-batchMode
-noUpm
-name
AssetImportWorker0
-projectPath
E:/GameDev/AE-Prototype-Game a Week
-logFile
Logs/AssetImportWorker0.log
-srvPort
55918
Successfully changed project path to: E:/GameDev/AE-Prototype-Game a Week
E:/GameDev/AE-Prototype-Game a Week
Using Asset Import Pipeline V2.
Refreshing native plugins compatible for Editor in 75.25 ms, found 2 plugins.
Preloading 0 native plugins for Editor in 0.00 ms.
Initialize engine version: 2020.3.10f1 (297d780c91bc)
[Subsystems] Discovering subsystems at path C:/Users/pro19/OneDrive/Desktop/unity/2020.3.10f1/Editor/Data/Resources/UnitySubsystems
[Subsystems] Discovering subsystems at path E:/GameDev/AE-Prototype-Game a Week/Assets
GfxDevice: creating device client; threaded=0
Direct3D:
    Version:  Direct3D 11.0 [level 11.1]
    Renderer: NVIDIA GeForce GTX 1660 Ti (ID=0x2191)
    Vendor:   
    VRAM:     5991 MB
    Driver:   27.21.14.6140
Shader 'Universal Render Pipeline/Particles/Lit': fallback shader 'Universal Render Pipeline/Particles/SimpleLit' not found
Initialize mono
Mono path[0] = 'C:/Users/pro19/OneDrive/Desktop/unity/2020.3.10f1/Editor/Data/Managed'
Mono path[1] = 'C:/Users/pro19/OneDrive/Desktop/unity/2020.3.10f1/Editor/Data/MonoBleedingEdge/lib/mono/unityjit'
Mono config path = 'C:/Users/pro19/OneDrive/Desktop/unity/2020.3.10f1/Editor/Data/MonoBleedingEdge/etc'
Using monoOptions --debugger-agent=transport=dt_socket,embedding=1,server=y,suspend=n,address=127.0.0.1:56532
Begin MonoManager ReloadAssembly
Registering precompiled unity dll's ...
Register platform support module: C:/Users/pro19/OneDrive/Desktop/unity/2020.3.10f1/Editor/Data/PlaybackEngines/WindowsStandaloneSupport/UnityEditor.WindowsStandalone.Extensions.dll
Registered in 0.001880 seconds.
Native extension for WindowsStandalone target not found
Refreshing native plugins compatible for Editor in 69.72 ms, found 2 plugins.
Preloading 0 native plugins for Editor in 0.00 ms.
Mono: successfully reloaded assembly
- Completed reload, in  1.060 seconds
Platform modules already initialized, skipping
Registering precompiled user dll's ...
Registered in 0.004049 seconds.
Begin MonoManager ReloadAssembly
Native extension for WindowsStandalone target not found
Refreshing native plugins compatible for Editor in 73.25 ms, found 2 plugins.
Preloading 0 native plugins for Editor in 0.00 ms.
Mono: successfully reloaded assembly
- Completed reload, in  1.113 seconds
Platform modules already initialized, skipping
========================================================================
Worker process is ready to serve import requests
Shader 'Universal Render Pipeline/Particles/Lit': fallback shader 'Universal Render Pipeline/Particles/SimpleLit' not found
Launched and connected shader compiler UnityShaderCompiler.exe after 0.11 seconds
Refreshing native plugins compatible for Editor in 1.36 ms, found 2 plugins.
Preloading 0 native plugins for Editor in 0.00 ms.
Unloading 3706 Unused Serialized files (Serialized files now loaded: 0)
System memory in use before: 181.4 MB.
System memory in use after: 181.6 MB.

Unloading 20 unused Assets to reduce memory usage. Loaded Objects now: 4171.
Total: 3.797400 ms (FindLiveObjects: 0.537100 ms CreateObjectMapping: 0.195600 ms MarkObjects: 2.913500 ms  DeleteObjects: 0.150200 ms)

========================================================================
Received Import Request.
  path: Assets/ImportedPackages/Invector-3rdPersonController_LITE/3D Models/Textures/prototype_textures/Materials/carbon.mat
  artifactKey: Guid(50ac9aaf650337544b871e557fa095ca) Importer(815301076,1909f56bfc062723c751e8b465ee728b)
Start importing Assets/ImportedPackages/Invector-3rdPersonController_LITE/3D Models/Textures/prototype_textures/Materials/carbon.mat using Guid(50ac9aaf650337544b871e557fa095ca) Importer(815301076,1909f56bfc062723c751e8b465ee728b)  -> (artifact id: '50b0a8fdd782cddb04c3f396c1736589') in 0.228854 seconds
  Import took 0.272369 seconds .

========================================================================
Received Import Request.
  Time since last request: 0.000446 seconds.
  path: Assets/ImportedPackages/Invector-3rdPersonController_LITE/3D Models/Textures/prototype_textures/Materials/carbon2.mat
  artifactKey: Guid(fdcb5d92a21150a46b75fd32ed28c8be) Importer(815301076,1909f56bfc062723c751e8b465ee728b)
Start importing Assets/ImportedPackages/Invector-3rdPersonController_LITE/3D Models/Textures/prototype_textures/Materials/carbon2.mat using Guid(fdcb5d92a21150a46b75fd32ed28c8be) Importer(815301076,1909f56bfc062723c751e8b465ee728b)  -> (artifact id: '78855e6fdf2253de5394d9293c088686') in 0.034370 seconds
  Import took 0.058448 seconds .

========================================================================
Received Import Request.
  Time since last request: 0.000268 seconds.
  path: Assets/ImportedPackages/Invector-3rdPersonController_LITE/3D Models/Characters/Invector@V-Bot 2.0/Material/Custom/Body.mat
  artifactKey: Guid(2fccb76f588d4d749928713d38489484) Importer(815301076,1909f56bfc062723c751e8b465ee728b)
Start importing Assets/ImportedPackages/Invector-3rdPersonController_LITE/3D Models/Characters/Invector@V-Bot 2.0/Material/Custom/Body.mat using Guid(2fccb76f588d4d749928713d38489484) Importer(815301076,1909f56bfc062723c751e8b465ee728b)  -> (artifact id: '92aefe696ca0ea6fb3426f5e500379c8') in 0.394021 seconds
  Import took 0.411463 seconds .

========================================================================
Received Import Request.
  Time since last request: 0.000315 seconds.
  path: Assets/ImportedPackages/Invector-3rdPersonController_LITE/3D Models/Textures/prototype_textures/Materials/door_red.mat
  artifactKey: Guid(c841a4b6377992b4d90549386c0ecb64) Importer(815301076,1909f56bfc062723c751e8b465ee728b)
Start importing Assets/ImportedPackages/Invector-3rdPersonController_LITE/3D Models/Textures/prototype_textures/Materials/door_red.mat using Guid(c841a4b6377992b4d90549386c0ecb64) Importer(815301076,1909f56bfc062723c751e8b465ee728b)  -> (artifact id: 'dc71c7b6f44b3c15d8ca910c5fdce7ce') in 0.123794 seconds
  Import took 0.146917 seconds .

========================================================================
Received Import Request.
  Time since last request: 0.000288 seconds.
  path: Assets/UnityTechnologies/TowerDefenseTemplate/Models/Towers/EMP Tower/Materials/EMP_Tower_level_2_tex_v001.mat
  artifactKey: Guid(0cada90001ebfe6418122d4488ae5535) Importer(815301076,1909f56bfc062723c751e8b465ee728b)
Start importing Assets/UnityTechnologies/TowerDefenseTemplate/Models/Towers/EMP Tower/Materials/EMP_Tower_level_2_tex_v001.mat using Guid(0cada90001ebfe6418122d4488ae5535) Importer(815301076,1909f56bfc062723c751e8b465ee728b)  -> (artifact id: 'd1f30e3c7803b3040e501675f1a806de') in 0.027087 seconds
  Import took 0.054325 seconds .

========================================================================
Received Import Request.
  Time since last request: 0.000315 seconds.
  path: Assets/UnityTechnologies/TowerDefenseTemplate/Materials/Towers/EMP Tower/EMP_Tower_level_2_tex_v001.mat
  artifactKey: Guid(1746bc6cb1bbc4c838b0dc492b4d195c) Importer(815301076,1909f56bfc062723c751e8b465ee728b)
Start importing Assets/UnityTechnologies/TowerDefenseTemplate/Materials/Towers/EMP Tower/EMP_Tower_level_2_tex_v001.mat using Guid(1746bc6cb1bbc4c838b0dc492b4d195c) Importer(815301076,1909f56bfc062723c751e8b465ee728b)  -> (artifact id: 'c659f4e20e8ce15347353f98c8f97fec') in 0.070081 seconds
  Import took 0.082585 seconds .

========================================================================
Received Import Request.
  Time since last request: 0.000319 seconds.
  path: Assets/UnityTechnologies/TowerDefenseTemplate/Materials/Towers/EnergyPylon/EnergyPylon_L01_Albedo_V001.mat
  artifactKey: Guid(47fc7f40915844782be68fcc221f57d6) Importer(815301076,1909f56bfc062723c751e8b465ee728b)
Start importing Assets/UnityTechnologies/TowerDefenseTemplate/Materials/Towers/EnergyPylon/EnergyPylon_L01_Albedo_V001.mat using Guid(47fc7f40915844782be68fcc221f57d6) Importer(815301076,1909f56bfc062723c751e8b465ee728b)  -> (artifact id: '3489ba9913553992f8a89610804799c3') in 0.064636 seconds
  Import took 0.082481 seconds .

========================================================================
Received Import Request.
  Time since last request: 0.000289 seconds.
  path: Assets/UnityTechnologies/TowerDefenseTemplate/Materials/Towers/EnergyPylon/EnergyPylon_L02_Albedo_V002.mat
  artifactKey: Guid(65d6cc8eca1be4a9bb2c73168993e39d) Importer(815301076,1909f56bfc062723c751e8b465ee728b)
Start importing Assets/UnityTechnologies/TowerDefenseTemplate/Materials/Towers/EnergyPylon/EnergyPylon_L02_Albedo_V002.mat using Guid(65d6cc8eca1be4a9bb2c73168993e39d) Importer(815301076,1909f56bfc062723c751e8b465ee728b)  -> (artifact id: 'f7f6f295239b13ed1c14fcc55cfdc4e7') in 0.084785 seconds
  Import took 0.098382 seconds .

========================================================================
Received Import Request.
  Time since last request: 0.000333 seconds.
  path: Assets/ImportedPackages/Invector-3rdPersonController_LITE/3D Models/Textures/prototype_textures/Materials/door_blue.mat
  artifactKey: Guid(d4d77923774cd9e468e6a23187133f18) Importer(815301076,1909f56bfc062723c751e8b465ee728b)
Start importing Assets/ImportedPackages/Invector-3rdPersonController_LITE/3D Models/Textures/prototype_textures/Materials/door_blue.mat using Guid(d4d77923774cd9e468e6a23187133f18) Importer(815301076,1909f56bfc062723c751e8b465ee728b)  -> (artifact id: 'd23bf99ba48954728cae79192a2229e4') in 0.032206 seconds
  Import took 0.050109 seconds .

========================================================================
Received Import Request.
  Time since last request: 0.000289 seconds.
  path: Assets/TextMesh Pro/Examples & Extras/Materials/Crate - Surface Shader Scene.mat
  artifactKey: Guid(e6b9b44320f4448d9d5e0ee634259966) Importer(815301076,1909f56bfc062723c751e8b465ee728b)
Start importing Assets/TextMesh Pro/Examples & Extras/Materials/Crate - Surface Shader Scene.mat using Guid(e6b9b44320f4448d9d5e0ee634259966) Importer(815301076,1909f56bfc062723c751e8b465ee728b)  -> (artifact id: 'cbdf9ff97e6a0bb00820e2397ecd7a53') in 0.078436 seconds
  Import took 0.093150 seconds .

========================================================================
Received Import Request.
  Time since last request: 0.000300 seconds.
  path: Assets/UnityTechnologies/TowerDefenseTemplate/Models/Towers/EMP Tower/Materials/EMP_Tower_level_3_tex_v001.mat
  artifactKey: Guid(58ecb9799c1d20e4c893d2b251ece2ac) Importer(815301076,1909f56bfc062723c751e8b465ee728b)
Start importing Assets/UnityTechnologies/TowerDefenseTemplate/Models/Towers/EMP Tower/Materials/EMP_Tower_level_3_tex_v001.mat using Guid(58ecb9799c1d20e4c893d2b251ece2ac) Importer(815301076,1909f56bfc062723c751e8b465ee728b)  -> (artifact id: 'fa80453eedd6125d528156939126fc9e') in 0.014513 seconds
  Import took 0.043333 seconds .

========================================================================
Received Import Request.
  Time since last request: 0.000293 seconds.
  path: Assets/UnityTechnologies/TowerDefenseTemplate/Materials/Towers/EMP Tower/EMP_Tower_level_1_tex_v001.mat
  artifactKey: Guid(a946c0e0594604ba194f28022bbc3b9d) Importer(815301076,1909f56bfc062723c751e8b465ee728b)
Start importing Assets/UnityTechnologies/TowerDefenseTemplate/Materials/Towers/EMP Tower/EMP_Tower_level_1_tex_v001.mat using Guid(a946c0e0594604ba194f28022bbc3b9d) Importer(815301076,1909f56bfc062723c751e8b465ee728b)  -> (artifact id: '20a51f36299fff8fbd25815c450df4dc') in 0.124127 seconds
  Import took 0.137368 seconds .

========================================================================
Received Import Request.
  Time since last request: 0.000349 seconds.
  path: Assets/UnityTechnologies/TowerDefenseTemplate/Materials/Towers/EnergyPylon/EnergyPylon_L03_Albedo_V001.mat
  artifactKey: Guid(9d544fb1ef2ef4e1b915677e4ec04cb6) Importer(815301076,1909f56bfc062723c751e8b465ee728b)
Start importing Assets/UnityTechnologies/TowerDefenseTemplate/Materials/Towers/EnergyPylon/EnergyPylon_L03_Albedo_V001.mat using Guid(9d544fb1ef2ef4e1b915677e4ec04cb6) Importer(815301076,1909f56bfc062723c751e8b465ee728b)  -> (artifact id: '62467e99c8c2cc37a7c88a06f36a8589') in 0.083178 seconds
  Import took 0.096261 seconds .

========================================================================
Received Import Request.
  Time since last request: 0.000319 seconds.
  path: Assets/UnityTechnologies/TowerDefenseTemplate/Materials/Units/Buggy_Albedo_V001.mat
  artifactKey: Guid(6d0f3745ac74f4783907288920b96775) Importer(815301076,1909f56bfc062723c751e8b465ee728b)
Start importing Assets/UnityTechnologies/TowerDefenseTemplate/Materials/Units/Buggy_Albedo_V001.mat using Guid(6d0f3745ac74f4783907288920b96775) Importer(815301076,1909f56bfc062723c751e8b465ee728b)  -> (artifact id: 'dace41576c6ca2b516c94974163a85bd') in 0.074585 seconds
  Import took 0.085189 seconds .

========================================================================
Received Import Request.
  Time since last request: 0.000415 seconds.
  path: Assets/UnityTechnologies/TowerDefenseTemplate/Models/Towers/EMP Tower/Materials/EMP_Tower_level_1_tex_v001.mat
  artifactKey: Guid(e313567b9545d254d84c58218d20ca44) Importer(815301076,1909f56bfc062723c751e8b465ee728b)
Start importing Assets/UnityTechnologies/TowerDefenseTemplate/Models/Towers/EMP Tower/Materials/EMP_Tower_level_1_tex_v001.mat using Guid(e313567b9545d254d84c58218d20ca44) Importer(815301076,1909f56bfc062723c751e8b465ee728b)  -> (artifact id: '74b71597257665bb353110210270d00a') in 0.019837 seconds
  Import took 0.036344 seconds .

========================================================================
Received Import Request.
  Time since last request: 0.000353 seconds.
  path: Assets/UnityTechnologies/TowerDefenseTemplate/Materials/Towers/EMP Tower/EMP_Tower_level_3_tex_v001.mat
  artifactKey: Guid(79bd163cf8abc40d19f4130454cbba7e) Importer(815301076,1909f56bfc062723c751e8b465ee728b)
Start importing Assets/UnityTechnologies/TowerDefenseTemplate/Materials/Towers/EMP Tower/EMP_Tower_level_3_tex_v001.mat using Guid(79bd163cf8abc40d19f4130454cbba7e) Importer(815301076,1909f56bfc062723c751e8b465ee728b)  -> (artifact id: 'daeb087965aa646a3abeb29faf91fc95') in 0.082219 seconds
  Import took 0.087074 seconds .

========================================================================
Received Import Request.
  Time since last request: 0.000278 seconds.
  path: Assets/UnityTechnologies/TowerDefenseTemplate/Materials/Projectiles/Enemy_Projectile.mat
  artifactKey: Guid(5fd22cfe457734c8b9840096269b369f) Importer(815301076,1909f56bfc062723c751e8b465ee728b)
Start importing Assets/UnityTechnologies/TowerDefenseTemplate/Materials/Projectiles/Enemy_Projectile.mat using Guid(5fd22cfe457734c8b9840096269b369f) Importer(815301076,1909f56bfc062723c751e8b465ee728b)  -> (artifact id: 'd4959867bb1fe087e0af4c08a7b48c07') in 0.115312 seconds
  Import took 0.133292 seconds .

========================================================================
Received Import Request.
  Time since last request: 0.000329 seconds.
  path: Assets/UnityTechnologies/TowerDefenseTemplate/Materials/Units/Buggy_Orange_Albedo_V001.mat
  artifactKey: Guid(3d51fdac1cf5b4c9f80488ae73e3e3cd) Importer(815301076,1909f56bfc062723c751e8b465ee728b)
Start importing Assets/UnityTechnologies/TowerDefenseTemplate/Materials/Units/Buggy_Orange_Albedo_V001.mat using Guid(3d51fdac1cf5b4c9f80488ae73e3e3cd) Importer(815301076,1909f56bfc062723c751e8b465ee728b)  -> (artifact id: '0577279a92fe11e427b4e66d82862910') in 0.079278 seconds
  Import took 0.106051 seconds .

========================================================================
Received Import Request.
  Time since last request: 6.316820 seconds.
  path: Assets/Game 2/Laser1.png
  artifactKey: Guid(81af39cf3eb655740a268bcdaae20e66) Importer(815301076,1909f56bfc062723c751e8b465ee728b)
Start importing Assets/Game 2/Laser1.png using Guid(81af39cf3eb655740a268bcdaae20e66) Importer(815301076,1909f56bfc062723c751e8b465ee728b)  -> (artifact id: '7c62fa62fe833e18c7d6fa8383233858') in 0.189983 seconds
  Import took 0.298198 seconds .

========================================================================
Received Import Request.
  Time since last request: 0.000321 seconds.
  path: Assets/Game 2/MachineGun_Level1_tex_v00111.png
  artifactKey: Guid(992e1eda60ab75f42a60ce7a91cb0d52) Importer(815301076,1909f56bfc062723c751e8b465ee728b)
Start importing Assets/Game 2/MachineGun_Level1_tex_v00111.png using Guid(992e1eda60ab75f42a60ce7a91cb0d52) Importer(815301076,1909f56bfc062723c751e8b465ee728b)  -> (artifact id: '405f6e4e98fb0d0aa3251d94cd3aa7d0') in 0.126127 seconds
  Import took 0.131861 seconds .

========================================================================
Received Import Request.
  Time since last request: 0.000250 seconds.
  path: Assets/Game 2/MachineGunUp1.png
  artifactKey: Guid(c6419f680f8b2a34995321879e703965) Importer(815301076,1909f56bfc062723c751e8b465ee728b)
Start importing Assets/Game 2/MachineGunUp1.png using Guid(c6419f680f8b2a34995321879e703965) Importer(815301076,1909f56bfc062723c751e8b465ee728b)  -> (artifact id: '9ab0ef8660b14a33ea25d47086f77794') in 0.085997 seconds
  Import took 0.097160 seconds .

========================================================================
Received Import Request.
  Time since last request: 0.000299 seconds.
  path: Assets/Game 2/LaserIcon.png
  artifactKey: Guid(7a8b75474d2acc845aeda82c5a59f53e) Importer(815301076,1909f56bfc062723c751e8b465ee728b)
Start importing Assets/Game 2/LaserIcon.png using Guid(7a8b75474d2acc845aeda82c5a59f53e) Importer(815301076,1909f56bfc062723c751e8b465ee728b)  -> (artifact id: '201e76ffcd93276ab4d75c4f5ba9c1cb') in 0.046608 seconds
  Import took 0.059444 seconds .

========================================================================
Received Import Request.
  Time since last request: 0.000309 seconds.
  path: Assets/Game 2/Rocketman.png
  artifactKey: Guid(10f19cfb3c92d2d45b57b0661dd5d3fe) Importer(815301076,1909f56bfc062723c751e8b465ee728b)
Start importing Assets/Game 2/Rocketman.png using Guid(10f19cfb3c92d2d45b57b0661dd5d3fe) Importer(815301076,1909f56bfc062723c751e8b465ee728b)  -> (artifact id: '1e75eba1212add213bed7f797dc725ac') in 0.093548 seconds
  Import took 0.108841 seconds .

========================================================================
Received Import Request.
  Time since last request: 0.000314 seconds.
  path: Assets/Game 2/rOCKET1.png
  artifactKey: Guid(c79296048c12d8f45ac5f5eca4cbb02c) Importer(815301076,1909f56bfc062723c751e8b465ee728b)
Start importing Assets/Game 2/rOCKET1.png using Guid(c79296048c12d8f45ac5f5eca4cbb02c) Importer(815301076,1909f56bfc062723c751e8b465ee728b)  -> (artifact id: '13ee9fadd723d0a24abf4249f146a713') in 0.048342 seconds
  Import took 0.066531 seconds .

========================================================================
Received Import Request.
  Time since last request: 0.000250 seconds.
  path: Assets/Game 2/MissleUp1.png
  artifactKey: Guid(cb94776154f58f542b358cff71500684) Importer(815301076,1909f56bfc062723c751e8b465ee728b)
Start importing Assets/Game 2/MissleUp1.png using Guid(cb94776154f58f542b358cff71500684) Importer(815301076,1909f56bfc062723c751e8b465ee728b)  -> (artifact id: '9d1469b71ee588d95f1d2555016d2b24') in 0.071959 seconds
  Import took 0.088849 seconds .

========================================================================
Received Import Request.
  Time since last request: 0.000332 seconds.
  path: Assets/Game 2/MachineGun_Level1_tex_v001.png
  artifactKey: Guid(fc5e9b0d02976dd4aa3fef9c27d03059) Importer(815301076,1909f56bfc062723c751e8b465ee728b)
Start importing Assets/Game 2/MachineGun_Level1_tex_v001.png using Guid(fc5e9b0d02976dd4aa3fef9c27d03059) Importer(815301076,1909f56bfc062723c751e8b465ee728b)  -> (artifact id: '84bd9aebceae8df8c8872ee0f19905db') in 0.039710 seconds
  Import took 0.080483 seconds .

========================================================================
Received Import Request.
  Time since last request: 0.000264 seconds.
  path: Assets/Game 2/TransparentTurret1.png
  artifactKey: Guid(5bc0d5ec9d7d8d34d951a79dd3ffde8b) Importer(815301076,1909f56bfc062723c751e8b465ee728b)
Start importing Assets/Game 2/TransparentTurret1.png using Guid(5bc0d5ec9d7d8d34d951a79dd3ffde8b) Importer(815301076,1909f56bfc062723c751e8b465ee728b)  -> (artifact id: '1aa925b2cac6756b8781762b7aba9faf') in 0.067205 seconds
  Import took 0.086543 seconds .

========================================================================
Received Import Request.
  Time since last request: 0.000366 seconds.
  path: Assets/Game 2/LaserUp1.png
  artifactKey: Guid(c0e7fdae667e2d94ca12e3ee8792add5) Importer(815301076,1909f56bfc062723c751e8b465ee728b)
Start importing Assets/Game 2/LaserUp1.png using Guid(c0e7fdae667e2d94ca12e3ee8792add5) Importer(815301076,1909f56bfc062723c751e8b465ee728b)  -> (artifact id: 'cb1a3bedf4a27aa0beaac2427ee9f40b') in 0.096791 seconds
  Import took 0.122314 seconds .

========================================================================
Received Import Request.
  Time since last request: 3.972000 seconds.
  path: Assets/Game 2/Scenes/Level 1.unity
  artifactKey: Guid(543de9acbfe04c441ab011c179f36f61) Importer(815301076,1909f56bfc062723c751e8b465ee728b)
Start importing Assets/Game 2/Scenes/Level 1.unity using Guid(543de9acbfe04c441ab011c179f36f61) Importer(815301076,1909f56bfc062723c751e8b465ee728b)  -> (artifact id: '0093c3c881dea130d0b7fd2d779ed4fb') in 0.008786 seconds
  Import took 0.028591 seconds .

========================================================================
Received Prepare
Switching render pipeline 00000000000000000000000000000000 -> cb714e6be6b7bfa48a75042fbad887fa
Shader 'Universal Render Pipeline/Particles/Lit': fallback shader 'Universal Render Pipeline/Particles/SimpleLit' not found
Refreshing native plugins compatible for Editor in 2.79 ms, found 2 plugins.
Preloading 0 native plugins for Editor in 0.00 ms.
Unloading 62 Unused Serialized files (Serialized files now loaded: 0)
System memory in use before: 105.6 MB.
System memory in use after: 105.7 MB.

Unloading 14 unused Assets to reduce memory usage. Loaded Objects now: 4267.
Total: 3.231500 ms (FindLiveObjects: 0.321600 ms CreateObjectMapping: 0.193500 ms MarkObjects: 2.625000 ms  DeleteObjects: 0.090600 ms)

========================================================================
Received Import Request.
  Time since last request: 521.853310 seconds.
  path: Assets/Game 13/Laser1.png
  artifactKey: Guid(e4e94fff85bba0249949c9d4709a49f5) Importer(815301076,1909f56bfc062723c751e8b465ee728b)
Start importing Assets/Game 13/Laser1.png using Guid(e4e94fff85bba0249949c9d4709a49f5) Importer(815301076,1909f56bfc062723c751e8b465ee728b)  -> (artifact id: 'e78a052f942d600fcdee54f56b476665') in 0.090990 seconds
  Import took 0.117407 seconds .

========================================================================
Received Import Request.
  Time since last request: 0.000275 seconds.
  path: Assets/Game 13/LaserUp1.png
  artifactKey: Guid(9a97c719398da094081df86d7227dd28) Importer(815301076,1909f56bfc062723c751e8b465ee728b)
Start importing Assets/Game 13/LaserUp1.png using Guid(9a97c719398da094081df86d7227dd28) Importer(815301076,1909f56bfc062723c751e8b465ee728b)  -> (artifact id: 'cbee4ddec32ebd78401d720116d13a64') in 0.074666 seconds
  Import took 0.083313 seconds .

========================================================================
Received Import Request.
  Time since last request: 0.000661 seconds.
  path: Assets/Game 13/MachineGunUp1.png
  artifactKey: Guid(c6ad1157f01ef9e458b246dcc9364d4b) Importer(815301076,1909f56bfc062723c751e8b465ee728b)
Start importing Assets/Game 13/MachineGunUp1.png using Guid(c6ad1157f01ef9e458b246dcc9364d4b) Importer(815301076,1909f56bfc062723c751e8b465ee728b)  -> (artifact id: '5ec46dcf509594ecfd69779c1e425781') in 0.029829 seconds
  Import took 0.038619 seconds .

========================================================================
Received Import Request.
  Time since last request: 0.000170 seconds.
  path: Assets/Game 13/LaserIcon.png
  artifactKey: Guid(b21cf974d06a7434d9e10d3d172e5cb5) Importer(815301076,1909f56bfc062723c751e8b465ee728b)
Start importing Assets/Game 13/LaserIcon.png using Guid(b21cf974d06a7434d9e10d3d172e5cb5) Importer(815301076,1909f56bfc062723c751e8b465ee728b)  -> (artifact id: 'bb87efc80a623cc1b346c1e0ca2e6e51') in 0.073526 seconds
  Import took 0.079515 seconds .

========================================================================
Received Import Request.
  Time since last request: 0.000244 seconds.
  path: Assets/Game 13/Rocketman.png
  artifactKey: Guid(b3a26de72acc26e4dbc2b6ad3c1d5e94) Importer(815301076,1909f56bfc062723c751e8b465ee728b)
Start importing Assets/Game 13/Rocketman.png using Guid(b3a26de72acc26e4dbc2b6ad3c1d5e94) Importer(815301076,1909f56bfc062723c751e8b465ee728b)  -> (artifact id: 'afde9cda68c24bc10f8342a4df6934ba') in 0.020135 seconds
  Import took 0.025841 seconds .

========================================================================
Received Import Request.
  Time since last request: 0.000237 seconds.
  path: Assets/Game 13/MachineGun_Level1_tex_v00111.png
  artifactKey: Guid(57977c2c8c8d35b42a1b4ead939a88fa) Importer(815301076,1909f56bfc062723c751e8b465ee728b)
Start importing Assets/Game 13/MachineGun_Level1_tex_v00111.png using Guid(57977c2c8c8d35b42a1b4ead939a88fa) Importer(815301076,1909f56bfc062723c751e8b465ee728b)  -> (artifact id: '91d80af057135c272499a13116cf9cb2') in 0.023383 seconds
  Import took 0.029506 seconds .

========================================================================
Received Import Request.
  Time since last request: 0.000258 seconds.
  path: Assets/Game 13/Rocketman.png
  artifactKey: Guid(b3a26de72acc26e4dbc2b6ad3c1d5e94) Importer(815301076,1909f56bfc062723c751e8b465ee728b)
Start importing Assets/Game 13/Rocketman.png using Guid(b3a26de72acc26e4dbc2b6ad3c1d5e94) Importer(815301076,1909f56bfc062723c751e8b465ee728b)  -> (artifact id: 'afde9cda68c24bc10f8342a4df6934ba') in 0.029334 seconds
  Import took 0.035222 seconds .

========================================================================
Received Import Request.
  Time since last request: 0.000346 seconds.
  path: Assets/Game 13/rOCKET1.png
  artifactKey: Guid(91e41b91381c1de4194e8e0475641148) Importer(815301076,1909f56bfc062723c751e8b465ee728b)
Start importing Assets/Game 13/rOCKET1.png using Guid(91e41b91381c1de4194e8e0475641148) Importer(815301076,1909f56bfc062723c751e8b465ee728b)  -> (artifact id: '5c715f85a00e6338df35d4bfc6096618') in 0.020716 seconds
  Import took 0.026264 seconds .

========================================================================
Received Import Request.
  Time since last request: 0.000199 seconds.
  path: Assets/Game 13/MachineGun_Level1_tex_v001.png
  artifactKey: Guid(9c6d504869aad1a43a97e96456df8fcb) Importer(815301076,1909f56bfc062723c751e8b465ee728b)
Start importing Assets/Game 13/MachineGun_Level1_tex_v001.png using Guid(9c6d504869aad1a43a97e96456df8fcb) Importer(815301076,1909f56bfc062723c751e8b465ee728b)  -> (artifact id: 'c735453274c56d391a44e95a8db45a75') in 0.020990 seconds
  Import took 0.026707 seconds .

========================================================================
Received Import Request.
  Time since last request: 0.000300 seconds.
  path: Assets/Game 13/MissleUp1.png
  artifactKey: Guid(7de92cad5ac014c49971d953304e854a) Importer(815301076,1909f56bfc062723c751e8b465ee728b)
Start importing Assets/Game 13/MissleUp1.png using Guid(7de92cad5ac014c49971d953304e854a) Importer(815301076,1909f56bfc062723c751e8b465ee728b)  -> (artifact id: '530c0014cba52bfe19fe78eb5ac9c9b3') in 0.025671 seconds
  Import took 0.031831 seconds .

========================================================================
Received Import Request.
  Time since last request: 0.000291 seconds.
  path: Assets/Game 13/MachineGun_Level1_tex_v001.png
  artifactKey: Guid(9c6d504869aad1a43a97e96456df8fcb) Importer(815301076,1909f56bfc062723c751e8b465ee728b)
Start importing Assets/Game 13/MachineGun_Level1_tex_v001.png using Guid(9c6d504869aad1a43a97e96456df8fcb) Importer(815301076,1909f56bfc062723c751e8b465ee728b)  -> (artifact id: 'c735453274c56d391a44e95a8db45a75') in 0.027583 seconds
  Import took 0.033052 seconds .

========================================================================
Received Import Request.
  Time since last request: 0.000287 seconds.
  path: Assets/Game 13/MissleUp1.png
  artifactKey: Guid(7de92cad5ac014c49971d953304e854a) Importer(815301076,1909f56bfc062723c751e8b465ee728b)
Start importing Assets/Game 13/MissleUp1.png using Guid(7de92cad5ac014c49971d953304e854a) Importer(815301076,1909f56bfc062723c751e8b465ee728b)  -> (artifact id: '530c0014cba52bfe19fe78eb5ac9c9b3') in 0.025617 seconds
  Import took 0.038816 seconds .

========================================================================
Received Import Request.
  Time since last request: 0.000320 seconds.
  path: Assets/Game 13/TransparentTurret1.png
  artifactKey: Guid(b4165158d618bc0489fd2d9f05f6e41b) Importer(815301076,1909f56bfc062723c751e8b465ee728b)
Start importing Assets/Game 13/TransparentTurret1.png using Guid(b4165158d618bc0489fd2d9f05f6e41b) Importer(815301076,1909f56bfc062723c751e8b465ee728b)  -> (artifact id: '3f6eb1bd18f2b9997aead313b5aa0bae') in 0.177971 seconds
  Import took 0.238664 seconds .

========================================================================
Received Prepare
Registering precompiled user dll's ...
Registered in 0.020199 seconds.
Begin MonoManager ReloadAssembly
Native extension for WindowsStandalone target not found
Refreshing native plugins compatible for Editor in 2.03 ms, found 2 plugins.
Preloading 0 native plugins for Editor in 0.00 ms.
Mono: successfully reloaded assembly
- Completed reload, in  1.138 seconds
Platform modules already initialized, skipping
Shader 'Universal Render Pipeline/Particles/Lit': fallback shader 'Universal Render Pipeline/Particles/SimpleLit' not found
Refreshing native plugins compatible for Editor in 0.97 ms, found 2 plugins.
Preloading 0 native plugins for Editor in 0.00 ms.
Unloading 3561 Unused Serialized files (Serialized files now loaded: 0)
System memory in use before: 173.9 MB.
System memory in use after: 174.1 MB.

Unloading 16 unused Assets to reduce memory usage. Loaded Objects now: 4270.
Total: 3.180900 ms (FindLiveObjects: 0.359800 ms CreateObjectMapping: 0.141000 ms MarkObjects: 2.369500 ms  DeleteObjects: 0.309500 ms)

AssetImportWorkerClient::OnTransportError - code=2 error=End of file
